2024-03-22 01:00:12.734035: I tensorflow/core/platform/cpu_feature_guard.cc:210] This TensorFlow binary is optimized to use available CPU instructions in performance-critical operations.
To enable the following instructions: AVX2 FMA, in other operations, rebuild TensorFlow with the appropriate compiler flags.
2024-03-22 01:00:14.484460: W tensorflow/compiler/tf2tensorrt/utils/py_utils.cc:38] TF-TRT Warning: Could not find TensorRT
All PyTorch model weights were used when initializing TFBertForSequenceClassification.

Some weights or buffers of the TF 2.0 model TFBertForSequenceClassification were not initialized from the PyTorch model and are newly initialized: ['classifier.weight', 'classifier.bias']
You should probably TRAIN this model on a down-stream task to be able to use it for predictions and inference.
WARNING:tensorflow:AutoGraph could not transform <function hf_hub_download at 0x7f4ae4587eb0> and will run it as-is.
Cause: generators are not supported
To silence this warning, decorate the function with @tf.autograph.experimental.do_not_convert
WARNING:tensorflow:AutoGraph could not transform <function hf_hub_download at 0x7f4ae4587eb0> and will run it as-is.
Cause: generators are not supported
To silence this warning, decorate the function with @tf.autograph.experimental.do_not_convert
****************** load data: Ok ***********************
****************** data_preprocessing: Ok *********************
Epoch 1/10
WARNING:tensorflow:AutoGraph could not transform <function infer_framework at 0x7f4ae405d7e0> and will run it as-is.
Cause: for/else statement not yet supported
To silence this warning, decorate the function with @tf.autograph.experimental.do_not_convert
WARNING:tensorflow:AutoGraph could not transform <function infer_framework at 0x7f4ae405d7e0> and will run it as-is.
Cause: for/else statement not yet supported
To silence this warning, decorate the function with @tf.autograph.experimental.do_not_convert
